  main.cpp
C:\Users\Henry\Documents\GitHub\GraphicsProject\GraphicsSolution\GraphicsSolution\source\main.cpp(36,23): warning C4244: 'argument': conversion from 'float' to 'int', possible loss of data
C:\Users\Henry\Documents\GitHub\GraphicsProject\GraphicsSolution\GraphicsSolution\source\main.cpp(39,26): warning C4244: 'argument': conversion from 'float' to 'int', possible loss of data
C:\Users\Henry\Documents\GitHub\GraphicsProject\GraphicsSolution\GraphicsSolution\source\main.cpp(62,23): warning C4244: 'argument': conversion from 'float' to 'int', possible loss of data
C:\Users\Henry\Documents\GitHub\GraphicsProject\GraphicsSolution\GraphicsSolution\source\main.cpp(65,26): warning C4244: 'argument': conversion from 'float' to 'int', possible loss of data
C:\Users\Henry\Documents\GitHub\GraphicsProject\GraphicsSolution\GraphicsSolution\source\main.cpp(144,39): warning C4244: 'argument': conversion from 't' to 't', possible loss of data
          with
          [
              t=float
          ]
          and
          [
              t=int
          ]
C:\Users\Henry\Documents\GitHub\GraphicsProject\GraphicsSolution\GraphicsSolution\source\main.cpp(143,38): warning C4244: 'argument': conversion from 't' to 't', possible loss of data
          with
          [
              t=float
          ]
          and
          [
              t=int
          ]
C:\Users\Henry\Documents\GitHub\GraphicsProject\GraphicsSolution\GraphicsSolution\source\main.cpp(152,136): warning C4244: 'argument': conversion from 'float' to 'unsigned char', possible loss of data
C:\Users\Henry\Documents\GitHub\GraphicsProject\GraphicsSolution\GraphicsSolution\source\main.cpp(152,119): warning C4244: 'argument': conversion from 'float' to 'unsigned char', possible loss of data
C:\Users\Henry\Documents\GitHub\GraphicsProject\GraphicsSolution\GraphicsSolution\source\main.cpp(152,102): warning C4244: 'argument': conversion from 'float' to 'unsigned char', possible loss of data
C:\Users\Henry\Documents\GitHub\GraphicsProject\GraphicsSolution\GraphicsSolution\source\geometry.h(15,75): warning C4244: 'argument': conversion from 'float' to 't', possible loss of data
          with
          [
              t=int
          ]
C:\Users\Henry\Documents\GitHub\GraphicsProject\GraphicsSolution\GraphicsSolution\source\geometry.h(15,17): message : while compiling class template member function 'Vec2<int> Vec2<int>::operator *(float) const'
C:\Users\Henry\Documents\GitHub\GraphicsProject\GraphicsSolution\GraphicsSolution\source\main.cpp(94,22): message : see the first reference to 'Vec2<int>::operator *' in 'triangle'
C:\Users\Henry\Documents\GitHub\GraphicsProject\GraphicsSolution\GraphicsSolution\source\main.cpp(44,6): message : see reference to class template instantiation 'Vec2<int>' being compiled
C:\Users\Henry\Documents\GitHub\GraphicsProject\GraphicsSolution\GraphicsSolution\source\geometry.h(15,70): warning C4244: 'argument': conversion from 'float' to 't', possible loss of data
          with
          [
              t=int
          ]
  GraphicsSolution.vcxproj -> C:\Users\Henry\Documents\GitHub\GraphicsProject\GraphicsSolution\x64\Debug\GraphicsSolution.exe
